<?xml version="1.0" encoding="UTF-8" standalone="yes"?><!DOCTYPE report PUBLIC "-//JACOCO//DTD Report 1.1//EN" "report.dtd"><report name="TourGuide"><sessioninfo id="LAPTOP-UDPNF70T-d591c5ad" start="1673439396917" dump="1673439400832"/><sessioninfo id="LAPTOP-UDPNF70T-fdbdf5b9" start="1674031985972" dump="1674031988544"/><sessioninfo id="LAPTOP-UDPNF70T-b48970d4" start="1674033079149" dump="1674033081652"/><sessioninfo id="LAPTOP-UDPNF70T-f28e236e" start="1674036271577" dump="1674036274665"/><sessioninfo id="LAPTOP-UDPNF70T-85135ec5" start="1674037335632" dump="1674037337731"/><sessioninfo id="LAPTOP-UDPNF70T-122bd046" start="1674037612173" dump="1674037613985"/><sessioninfo id="LAPTOP-UDPNF70T-e822e450" start="1674037782144" dump="1674037784661"/><sessioninfo id="LAPTOP-UDPNF70T-a89945e1" start="1674037986652" dump="1674037988818"/><sessioninfo id="LAPTOP-UDPNF70T-716beaad" start="1674038208697" dump="1674038210656"/><sessioninfo id="LAPTOP-UDPNF70T-27fdbff0" start="1674038372522" dump="1674038374971"/><sessioninfo id="LAPTOP-UDPNF70T-43ec2efd" start="1674043407905" dump="1674043410411"/><sessioninfo id="LAPTOP-UDPNF70T-25a87341" start="1674043469707" dump="1674043472205"/><sessioninfo id="LAPTOP-UDPNF70T-3e823cc2" start="1674044592587" dump="1674044655610"/><sessioninfo id="LAPTOP-UDPNF70T-b4485a44" start="1674046401134" dump="1674046404638"/><sessioninfo id="LAPTOP-UDPNF70T-9e32d592" start="1674046485911" dump="1674046511645"/><sessioninfo id="LAPTOP-UDPNF70T-33dca931" start="1674047485160" dump="1674047488328"/><sessioninfo id="LAPTOP-UDPNF70T-c91b007b" start="1674047980889" dump="1674047983918"/><sessioninfo id="LAPTOP-UDPNF70T-1c1c9467" start="1674049923588" dump="1674049926226"/><sessioninfo id="LAPTOP-UDPNF70T-b07d690f" start="1674049994247" dump="1674050121622"/><sessioninfo id="LAPTOP-UDPNF70T-7a410185" start="1674050198929" dump="1674050201289"/><sessioninfo id="LAPTOP-UDPNF70T-ac5cdc5f" start="1674051635471" dump="1674051637942"/><sessioninfo id="LAPTOP-UDPNF70T-f8ea37d0" start="1674051661573" dump="1674051664065"/><sessioninfo id="LAPTOP-UDPNF70T-929e4b06" start="1674051851634" dump="1674051854146"/><sessioninfo id="LAPTOP-UDPNF70T-ce941a83" start="1674059875897" dump="1674059878429"/><sessioninfo id="LAPTOP-UDPNF70T-5dc4bf0a" start="1674059948906" dump="1674059951203"/><sessioninfo id="LAPTOP-UDPNF70T-5187ebbf" start="1674120898591" dump="1674120901753"/><sessioninfo id="LAPTOP-UDPNF70T-cde76052" start="1674120990240" dump="1674121005251"/><sessioninfo id="LAPTOP-UDPNF70T-d0aa2644" start="1674123232169" dump="1674123235019"/><sessioninfo id="LAPTOP-UDPNF70T-bd1b8dcb" start="1674123830429" dump="1674123832952"/><sessioninfo id="LAPTOP-UDPNF70T-124694cf" start="1674124160803" dump="1674124165334"/><sessioninfo id="LAPTOP-UDPNF70T-f3252576" start="1674124214083" dump="1674124218331"/><sessioninfo id="LAPTOP-UDPNF70T-7aad4235" start="1674124247322" dump="1674124252449"/><sessioninfo id="LAPTOP-UDPNF70T-8b74fd7b" start="1674124273073" dump="1674124288624"/><sessioninfo id="LAPTOP-UDPNF70T-499cbf7b" start="1674125453100" dump="1674126670900"/><sessioninfo id="LAPTOP-UDPNF70T-ec0e4277" start="1674134120621" dump="1674134158983"/><sessioninfo id="LAPTOP-UDPNF70T-ced636cb" start="1674134195805" dump="1674134212627"/><sessioninfo id="LAPTOP-UDPNF70T-27c48d20" start="1674135326740" dump="1674135342732"/><sessioninfo id="LAPTOP-UDPNF70T-e4c11d06" start="1674135359528" dump="1674135375202"/><sessioninfo id="LAPTOP-UDPNF70T-8d5714be" start="1674135431716" dump="1674135448157"/><sessioninfo id="LAPTOP-UDPNF70T-e0787109" start="1674135564853" dump="1674135567214"/><sessioninfo id="LAPTOP-UDPNF70T-d89df92d" start="1674135887020" dump="1674135889121"/><sessioninfo id="LAPTOP-UDPNF70T-24be9ace" start="1674135993457" dump="1674135995998"/><sessioninfo id="LAPTOP-UDPNF70T-c43441a2" start="1674136047664" dump="1674136057590"/><sessioninfo id="LAPTOP-UDPNF70T-e7c6f91d" start="1674141185382" dump="1674141196665"/><sessioninfo id="LAPTOP-UDPNF70T-f2920720" start="1674141899011" dump="1674141913765"/><sessioninfo id="LAPTOP-UDPNF70T-fa251626" start="1674143624945" dump="1674143902438"/><sessioninfo id="LAPTOP-UDPNF70T-2a5f62ad" start="1674144350893" dump="1674144363877"/><sessioninfo id="LAPTOP-UDPNF70T-90c8f567" start="1674577619809" dump="1674577633683"/><sessioninfo id="LAPTOP-UDPNF70T-f848392" start="1674634623476" dump="1674634638897"/><sessioninfo id="LAPTOP-UDPNF70T-74b20d5d" start="1674634646760" dump="1674634660939"/><sessioninfo id="LAPTOP-UDPNF70T-500c0656" start="1674636626275" dump="1674636640542"/><sessioninfo id="LAPTOP-UDPNF70T-45f9382c" start="1674636735930" dump="1674636770267"/><sessioninfo id="LAPTOP-UDPNF70T-bcc4037" start="1674636930399" dump="1674636975373"/><sessioninfo id="LAPTOP-UDPNF70T-91887363" start="1674637008527" dump="1674637018370"/><sessioninfo id="LAPTOP-UDPNF70T-744d6e39" start="1674637074348" dump="1674637123695"/><sessioninfo id="LAPTOP-UDPNF70T-8e00fc67" start="1674637158748" dump="1674637227419"/><sessioninfo id="LAPTOP-UDPNF70T-ee9bc796" start="1674645206023" dump="1674645268903"/><sessioninfo id="LAPTOP-UDPNF70T-f0217b63" start="1674645346310" dump="1674645359082"/><sessioninfo id="LAPTOP-UDPNF70T-d7578c8" start="1674645472423" dump="1674645804075"/><sessioninfo id="LAPTOP-UDPNF70T-616a21aa" start="1674648128410" dump="1674648140792"/><sessioninfo id="LAPTOP-UDPNF70T-cb9bd1d7" start="1674648200540" dump="1674648251951"/><sessioninfo id="LAPTOP-UDPNF70T-a4dddf20" start="1674648299996" dump="1674648362980"/><sessioninfo id="LAPTOP-UDPNF70T-de221cf0" start="1674661837495" dump="1674661897138"/><sessioninfo id="LAPTOP-UDPNF70T-a7d26928" start="1674662100545" dump="1674662692118"/><sessioninfo id="LAPTOP-UDPNF70T-3270b82f" start="1674666488295" dump="1674666552126"/><sessioninfo id="LAPTOP-UDPNF70T-7b760254" start="1674666683792" dump="1674667259043"/><sessioninfo id="LAPTOP-UDPNF70T-52d4c4f3" start="1674835209255" dump="1674835788959"/><sessioninfo id="LAPTOP-UDPNF70T-b33cd6d0" start="1675171600039" dump="1675171602672"/><sessioninfo id="LAPTOP-UDPNF70T-fc96d7d9" start="1675172154832" dump="1675172182689"/><sessioninfo id="LAPTOP-UDPNF70T-c49a26b0" start="1675172309991" dump="1675172508888"/><sessioninfo id="LAPTOP-UDPNF70T-b032318b" start="1675173518842" dump="1675175118348"/><sessioninfo id="LAPTOP-UDPNF70T-cb8488f8" start="1675175712319" dump="1675175740718"/><sessioninfo id="LAPTOP-UDPNF70T-a0a113cc" start="1675240958746" dump="1675240976796"/><sessioninfo id="LAPTOP-UDPNF70T-25f95289" start="1675241711204" dump="1675241725281"/><sessioninfo id="LAPTOP-UDPNF70T-4a7b6f72" start="1675242040729" dump="1675242056611"/><sessioninfo id="LAPTOP-UDPNF70T-5273e394" start="1675242145129" dump="1675242161521"/><sessioninfo id="LAPTOP-UDPNF70T-8261dd62" start="1675243747920" dump="1675243764552"/><sessioninfo id="LAPTOP-UDPNF70T-8052ca30" start="1675243780576" dump="1675243803565"/><sessioninfo id="LAPTOP-UDPNF70T-3cc0a122" start="1675246080488" dump="1675246109707"/><sessioninfo id="LAPTOP-UDPNF70T-46e8f145" start="1675258395261" dump="1675258423047"/><sessioninfo id="LAPTOP-UDPNF70T-f59bd8b1" start="1675258637973" dump="1675258650550"/><sessioninfo id="LAPTOP-UDPNF70T-e43ca6a9" start="1675258855996" dump="1675258894577"/><sessioninfo id="LAPTOP-UDPNF70T-aa6e3ebc" start="1675258921259" dump="1675258961694"/><sessioninfo id="LAPTOP-UDPNF70T-376cafc5" start="1675261258156" dump="1675261263287"/><sessioninfo id="LAPTOP-UDPNF70T-c1d7c2b5" start="1675261279026" dump="1675261321042"/><sessioninfo id="LAPTOP-UDPNF70T-6daa160c" start="1675261358880" dump="1675261416254"/><sessioninfo id="LAPTOP-UDPNF70T-ee6c4697" start="1675262158372" dump="1675262221195"/><sessioninfo id="LAPTOP-UDPNF70T-2149cf52" start="1675263087464" dump="1675263128598"/><sessioninfo id="LAPTOP-UDPNF70T-7339f73d" start="1675263150397" dump="1675263211072"/><sessioninfo id="LAPTOP-UDPNF70T-497a892f" start="1675266211973" dump="1675266273926"/><sessioninfo id="LAPTOP-UDPNF70T-8a1d4e6" start="1675266353876" dump="1675266412724"/><sessioninfo id="LAPTOP-UDPNF70T-459e18f" start="1675266532371" dump="1675266588828"/><sessioninfo id="LAPTOP-UDPNF70T-40ec73c0" start="1675267310533" dump="1675267370473"/><sessioninfo id="LAPTOP-UDPNF70T-84869c22" start="1675267636903" dump="1675267711234"/><sessioninfo id="LAPTOP-UDPNF70T-2055c52c" start="1675268003330" dump="1675268069609"/><sessioninfo id="LAPTOP-UDPNF70T-14e7f7cd" start="1675269240145" dump="1675269314638"/><sessioninfo id="LAPTOP-UDPNF70T-c99c53a4" start="1675270262796" dump="1675270288411"/><sessioninfo id="LAPTOP-UDPNF70T-bc0db355" start="1675271255839" dump="1675271310357"/><sessioninfo id="LAPTOP-UDPNF70T-c225ad1a" start="1675760841329" dump="1675760847590"/><sessioninfo id="LAPTOP-UDPNF70T-310cf925" start="1675760870341" dump="1675760881617"/><sessioninfo id="LAPTOP-UDPNF70T-1c1492c" start="1675760900131" dump="1675760928636"/><sessioninfo id="LAPTOP-UDPNF70T-f1bb9cea" start="1675761471469" dump="1675761474829"/><sessioninfo id="LAPTOP-UDPNF70T-daf13c68" start="1675763766717" dump="1675763812612"/><sessioninfo id="LAPTOP-UDPNF70T-f54c2d9e" start="1675766087983" dump="1675766130962"/><sessioninfo id="LAPTOP-UDPNF70T-710111da" start="1675766154974" dump="1675766159322"/><sessioninfo id="LAPTOP-UDPNF70T-6ca35bc7" start="1675766453867" dump="1675766525251"/><sessioninfo id="LAPTOP-UDPNF70T-7d0655fe" start="1675766573212" dump="1675766663027"/><sessioninfo id="LAPTOP-UDPNF70T-c74b7ee8" start="1675766700202" dump="1675766776159"/><sessioninfo id="LAPTOP-UDPNF70T-8feed47b" start="1675766833320" dump="1675766905111"/><sessioninfo id="LAPTOP-UDPNF70T-7a6b1fba" start="1675766935226" dump="1675767010130"/><sessioninfo id="LAPTOP-UDPNF70T-3671aa4a" start="1675775993777" dump="1675776071171"/><sessioninfo id="LAPTOP-UDPNF70T-ccdf424e" start="1675777265539" dump="1675777331427"/><sessioninfo id="LAPTOP-UDPNF70T-96ebac64" start="1675777595447" dump="1675777597994"/><sessioninfo id="LAPTOP-UDPNF70T-b10e9cf4" start="1675778623696" dump="1675778633699"/><sessioninfo id="LAPTOP-UDPNF70T-b6976c16" start="1675778751914" dump="1675778824087"/><sessioninfo id="LAPTOP-UDPNF70T-338816b7" start="1675781575566" dump="1675781579852"/><sessioninfo id="LAPTOP-UDPNF70T-938facc0" start="1675781690463" dump="1675781703600"/><sessioninfo id="LAPTOP-UDPNF70T-9f635930" start="1675781967430" dump="1675781983527"/><sessioninfo id="LAPTOP-UDPNF70T-a054976d" start="1675782047282" dump="1675782122776"/><sessioninfo id="LAPTOP-UDPNF70T-7e508a13" start="1675783424107" dump="1675783489296"/><sessioninfo id="LAPTOP-UDPNF70T-a806c799" start="1675786153335" dump="1675786216783"/><sessioninfo id="LAPTOP-UDPNF70T-352aae29" start="1675786592732" dump="1675786651745"/><sessioninfo id="LAPTOP-UDPNF70T-1369e8bd" start="1675786927387" dump="1675787518053"/><sessioninfo id="LAPTOP-UDPNF70T-58dbb4a4" start="1675789051242" dump="1675789114175"/><sessioninfo id="LAPTOP-UDPNF70T-75f013d9" start="1675789586713" dump="1675789641676"/><sessioninfo id="LAPTOP-UDPNF70T-e3f8f7a" start="1675791163301" dump="1675791172908"/><sessioninfo id="LAPTOP-UDPNF70T-339b7cc7" start="1675791226274" dump="1675791235240"/><sessioninfo id="LAPTOP-UDPNF70T-7d631a24" start="1675791448040" dump="1675791458045"/><sessioninfo id="LAPTOP-UDPNF70T-802d796b" start="1675792695593" dump="1675792705897"/><sessioninfo id="LAPTOP-UDPNF70T-86fda114" start="1675799407099" dump="1675799416546"/><sessioninfo id="LAPTOP-UDPNF70T-c6d24592" start="1675799666430" dump="1675799668881"/><sessioninfo id="LAPTOP-UDPNF70T-bccfca24" start="1675799679411" dump="1675799681845"/><sessioninfo id="LAPTOP-UDPNF70T-2729f0da" start="1675799717066" dump="1675799726422"/><sessioninfo id="LAPTOP-UDPNF70T-d95b299b" start="1675840137281" dump="1675840147766"/><sessioninfo id="LAPTOP-UDPNF70T-42e5e155" start="1675840316392" dump="1675840325428"/><sessioninfo id="LAPTOP-UDPNF70T-ad424214" start="1675843622772" dump="1675843633314"/><sessioninfo id="LAPTOP-UDPNF70T-e13bdc0e" start="1675843674129" dump="1675843685368"/><sessioninfo id="LAPTOP-UDPNF70T-c632022a" start="1675845951593" dump="1675845960681"/><sessioninfo id="LAPTOP-UDPNF70T-1c30ce33" start="1675846976945" dump="1675846979407"/><sessioninfo id="LAPTOP-UDPNF70T-d0646bca" start="1675847051523" dump="1675847102599"/><sessioninfo id="LAPTOP-UDPNF70T-4a38f16a" start="1675847197529" dump="1675847200131"/><sessioninfo id="LAPTOP-UDPNF70T-6fc78f44" start="1675848081052" dump="1675848083680"/><sessioninfo id="LAPTOP-UDPNF70T-e0e05c2e" start="1675848094851" dump="1675848146662"/><sessioninfo id="LAPTOP-UDPNF70T-c09a2bf1" start="1675848268894" dump="1675848273236"/><sessioninfo id="LAPTOP-UDPNF70T-84887eb3" start="1675848288414" dump="1675848297252"/><sessioninfo id="LAPTOP-UDPNF70T-dd7b5531" start="1675848337874" dump="1675848346705"/><sessioninfo id="LAPTOP-UDPNF70T-1c7d1fb" start="1675848450638" dump="1675848459698"/><sessioninfo id="LAPTOP-UDPNF70T-5728248d" start="1675848572672" dump="1675848581746"/><sessioninfo id="LAPTOP-UDPNF70T-b8647bc0" start="1675848872649" dump="1675848882127"/><sessioninfo id="LAPTOP-UDPNF70T-b9df1546" start="1675851974789" dump="1675851977300"/><sessioninfo id="LAPTOP-UDPNF70T-4d1e0cfe" start="1675852115560" dump="1675852117800"/><sessioninfo id="LAPTOP-UDPNF70T-ce8d5832" start="1675853367601" dump="1675853369683"/><sessioninfo id="LAPTOP-UDPNF70T-d2d37002" start="1675853710220" dump="1675853712503"/><sessioninfo id="LAPTOP-UDPNF70T-483b3f72" start="1675853922168" dump="1675853925208"/><sessioninfo id="LAPTOP-UDPNF70T-4fed183d" start="1675854616093" dump="1675854618589"/><sessioninfo id="LAPTOP-UDPNF70T-89f89015" start="1675854638204" dump="1675854640363"/><sessioninfo id="LAPTOP-UDPNF70T-2975a0b3" start="1675854856712" dump="1675854861208"/><sessioninfo id="LAPTOP-UDPNF70T-ac1982c0" start="1675855005266" dump="1675855010217"/><sessioninfo id="LAPTOP-UDPNF70T-7570cf68" start="1675855022739" dump="1675855033291"/><sessioninfo id="LAPTOP-UDPNF70T-1749ff42" start="1675855061275" dump="1675855130357"/><sessioninfo id="LAPTOP-UDPNF70T-6584f51b" start="1675855639474" dump="1675855648574"/><sessioninfo id="LAPTOP-UDPNF70T-ecf6506b" start="1675857014799" dump="1675857083390"/><sessioninfo id="LAPTOP-UDPNF70T-ea2b4657" start="1675857404783" dump="1675857488305"/><sessioninfo id="LAPTOP-UDPNF70T-490b4099" start="1675857602593" dump="1675858014337"/><sessioninfo id="LAPTOP-UDPNF70T-2f9774ca" start="1675859113421" dump="1675859117623"/><sessioninfo id="LAPTOP-UDPNF70T-b138d0b7" start="1675859712599" dump="1675859716384"/><sessioninfo id="LAPTOP-UDPNF70T-6cfc2b5c" start="1675859797330" dump="1675859800878"/><sessioninfo id="LAPTOP-UDPNF70T-7b7d97b7" start="1675860118327" dump="1675860121841"/><sessioninfo id="LAPTOP-UDPNF70T-4f63cd73" start="1675860151756" dump="1675860161329"/><sessioninfo id="LAPTOP-UDPNF70T-12553c5e" start="1675860641155" dump="1675860644722"/><sessioninfo id="LAPTOP-UDPNF70T-d4f76a84" start="1675860673125" dump="1675860681671"/><sessioninfo id="LAPTOP-UDPNF70T-e51c9108" start="1675860765491" dump="1675860772825"/><sessioninfo id="LAPTOP-UDPNF70T-5ca4efc4" start="1675861101972" dump="1675861105606"/><sessioninfo id="LAPTOP-UDPNF70T-e371fa6e" start="1675861120007" dump="1675861123634"/><sessioninfo id="LAPTOP-UDPNF70T-4e450131" start="1675861140206" dump="1675861143777"/><sessioninfo id="LAPTOP-UDPNF70T-7501e4d3" start="1675861251195" dump="1675861255617"/><sessioninfo id="LAPTOP-UDPNF70T-81d156a1" start="1675861315731" dump="1675861337888"/><sessioninfo id="LAPTOP-UDPNF70T-39a08d6a" start="1675861393954" dump="1675861421698"/><sessioninfo id="LAPTOP-UDPNF70T-17ad2051" start="1675861451170" dump="1675861454652"/><sessioninfo id="LAPTOP-UDPNF70T-8d38a502" start="1675861495271" dump="1675861498942"/><sessioninfo id="LAPTOP-UDPNF70T-6605524f" start="1675861574283" dump="1675861577763"/><sessioninfo id="LAPTOP-UDPNF70T-2c9f3ea0" start="1675862024482" dump="1675862029766"/><sessioninfo id="LAPTOP-UDPNF70T-efced459" start="1675862101471" dump="1675862111117"/><sessioninfo id="LAPTOP-UDPNF70T-17ba0232" start="1675862169598" dump="1675862179393"/><sessioninfo id="LAPTOP-UDPNF70T-851dc344" start="1675862228173" dump="1675862237534"/><sessioninfo id="LAPTOP-UDPNF70T-61c7b288" start="1675862269014" dump="1675862286176"/><sessioninfo id="LAPTOP-UDPNF70T-e84b62d7" start="1675862398991" dump="1675862416265"/><sessioninfo id="LAPTOP-UDPNF70T-eb196406" start="1675862457047" dump="1675862467600"/><sessioninfo id="LAPTOP-UDPNF70T-b4503aa4" start="1675862515091" dump="1675862524374"/><sessioninfo id="LAPTOP-UDPNF70T-c7ef290c" start="1675865249334" dump="1675865260455"/><sessioninfo id="LAPTOP-UDPNF70T-bd60325b" start="1675865332943" dump="1675865343817"/><sessioninfo id="LAPTOP-UDPNF70T-f65c0a29" start="1675865375337" dump="1675865386205"/><sessioninfo id="LAPTOP-UDPNF70T-5bdc9202" start="1675865403935" dump="1675865415385"/><sessioninfo id="LAPTOP-UDPNF70T-c6d9a3f9" start="1675866273067" dump="1675866282246"/><sessioninfo id="LAPTOP-UDPNF70T-650cd51a" start="1675866519214" dump="1675866536716"/><sessioninfo id="LAPTOP-UDPNF70T-2e8d776c" start="1675866700084" dump="1675866717547"/><sessioninfo id="LAPTOP-UDPNF70T-106c27c4" start="1675866954634" dump="1675867098964"/><sessioninfo id="LAPTOP-UDPNF70T-9c746a35" start="1675867292150" dump="1675867621459"/><sessioninfo id="LAPTOP-UDPNF70T-2333d8cb" start="1675867756695" dump="1675867759725"/><sessioninfo id="LAPTOP-UDPNF70T-a64094bc" start="1675868063894" dump="1675868066917"/><sessioninfo id="LAPTOP-UDPNF70T-f5791a3e" start="1675868187115" dump="1675868190559"/><sessioninfo id="LAPTOP-UDPNF70T-d4334c20" start="1675868951328" dump="1675868954606"/><sessioninfo id="LAPTOP-UDPNF70T-9652bc51" start="1675869070224" dump="1675869073293"/><sessioninfo id="LAPTOP-UDPNF70T-a8f394eb" start="1675869109418" dump="1675869112116"/><sessioninfo id="LAPTOP-UDPNF70T-3bae295e" start="1675869129758" dump="1675869132959"/><sessioninfo id="LAPTOP-UDPNF70T-68cdbea8" start="1675869359710" dump="1675869365073"/><sessioninfo id="LAPTOP-UDPNF70T-b8ddb422" start="1675869388207" dump="1675869390441"/><sessioninfo id="LAPTOP-UDPNF70T-401bd1bb" start="1675869519687" dump="1675869521931"/><sessioninfo id="LAPTOP-UDPNF70T-f09401ad" start="1675869893561" dump="1675869897030"/><sessioninfo id="LAPTOP-UDPNF70T-25ce8839" start="1675869921841" dump="1675869928140"/><sessioninfo id="LAPTOP-UDPNF70T-95b6feef" start="1675869956002" dump="1675869974790"/><sessioninfo id="LAPTOP-UDPNF70T-7e6f99c5" start="1675870089773" dump="1675870248689"/><sessioninfo id="LAPTOP-UDPNF70T-a9675535" start="1675870415572" dump="1675870821824"/><sessioninfo id="LAPTOP-UDPNF70T-adeb3dc7" start="1675870881629" dump="1675872456177"/><sessioninfo id="LAPTOP-UDPNF70T-40eed9f7" start="1676196479746" dump="1676196485362"/><sessioninfo id="LAPTOP-UDPNF70T-dad534" start="1676196512612" dump="1676196531296"/><sessioninfo id="LAPTOP-UDPNF70T-cfcf1703" start="1676196566559" dump="1676196570561"/><sessioninfo id="LAPTOP-UDPNF70T-2a138e4a" start="1676197879041" dump="1676197883528"/><sessioninfo id="LAPTOP-UDPNF70T-81f805e2" start="1676197896634" dump="1676197914343"/><sessioninfo id="LAPTOP-UDPNF70T-c89e69bc" start="1676199018816" dump="1676199027802"/><sessioninfo id="LAPTOP-UDPNF70T-f0375fb9" start="1676199057447" dump="1676199125834"/><sessioninfo id="LAPTOP-UDPNF70T-e4379ab5" start="1676199193748" dump="1676199521092"/><sessioninfo id="LAPTOP-UDPNF70T-a941ca81" start="1676199791112" dump="1676199800215"/><sessioninfo id="LAPTOP-UDPNF70T-3c9faf93" start="1676199874439" dump="1676201294976"/><sessioninfo id="LAPTOP-UDPNF70T-fa115aa0" start="1676201826150" dump="1676216008525"/><sessioninfo id="LAPTOP-UDPNF70T-60288092" start="1676216527903" dump="1676216537098"/><sessioninfo id="LAPTOP-UDPNF70T-ecd28c7" start="1676216590061" dump="1676216598949"/><package name="tourGuide"><class name="tourGuide/TourGuideModule" sourcefilename="TourGuideModule.java"><method name="&lt;init&gt;" desc="()V" line="13"><counter type="INSTRUCTION" missed="3" covered="0"/><counter type="LINE" missed="1" covered="0"/><counter type="COMPLEXITY" missed="1" covered="0"/><counter type="METHOD" missed="1" covered="0"/></method><method name="getGpsUtil" desc="()LgpsUtil/GpsUtil;" line="16"><counter type="INSTRUCTION" missed="4" covered="0"/><counter type="LINE" missed="1" covered="0"/><counter type="COMPLEXITY" missed="1" covered="0"/><counter type="METHOD" missed="1" covered="0"/></method><method name="getRewardsService" desc="()LtourGuide/service/RewardsService;" line="21"><counter type="INSTRUCTION" missed="8" covered="0"/><counter type="LINE" missed="1" covered="0"/><counter type="COMPLEXITY" missed="1" covered="0"/><counter type="METHOD" missed="1" covered="0"/></method><method name="getRewardCentral" desc="()LrewardCentral/RewardCentral;" line="26"><counter type="INSTRUCTION" missed="4" covered="0"/><counter type="LINE" missed="1" covered="0"/><counter type="COMPLEXITY" missed="1" covered="0"/><counter type="METHOD" missed="1" covered="0"/></method><counter type="INSTRUCTION" missed="19" covered="0"/><counter type="LINE" missed="4" covered="0"/><counter type="COMPLEXITY" missed="4" covered="0"/><counter type="METHOD" missed="4" covered="0"/><counter type="CLASS" missed="1" covered="0"/></class><class name="tourGuide/Application" sourcefilename="Application.java"><method name="&lt;init&gt;" desc="()V" line="7"><counter type="INSTRUCTION" missed="3" covered="0"/><counter type="LINE" missed="1" covered="0"/><counter type="COMPLEXITY" missed="1" covered="0"/><counter type="METHOD" missed="1" covered="0"/></method><method name="main" desc="([Ljava/lang/String;)V" line="10"><counter type="INSTRUCTION" missed="5" covered="0"/><counter type="LINE" missed="2" covered="0"/><counter type="COMPLEXITY" missed="1" covered="0"/><counter type="METHOD" missed="1" covered="0"/></method><counter type="INSTRUCTION" missed="8" covered="0"/><counter type="LINE" missed="3" covered="0"/><counter type="COMPLEXITY" missed="2" covered="0"/><counter type="METHOD" missed="2" covered="0"/><counter type="CLASS" missed="1" covered="0"/></class><class name="tourGuide/TourGuideController" sourcefilename="TourGuideController.java"><method name="&lt;init&gt;" desc="()V" line="18"><counter type="INSTRUCTION" missed="3" covered="0"/><counter type="LINE" missed="1" covered="0"/><counter type="COMPLEXITY" missed="1" covered="0"/><counter type="METHOD" missed="1" covered="0"/></method><method name="index" desc="()Ljava/lang/String;" line="25"><counter type="INSTRUCTION" missed="2" covered="0"/><counter type="LINE" missed="1" covered="0"/><counter type="COMPLEXITY" missed="1" covered="0"/><counter type="METHOD" missed="1" covered="0"/></method><method name="getLocation" desc="(Ljava/lang/String;)Ljava/lang/String;" line="30"><counter type="INSTRUCTION" missed="11" covered="0"/><counter type="LINE" missed="2" covered="0"/><counter type="COMPLEXITY" missed="1" covered="0"/><counter type="METHOD" missed="1" covered="0"/></method><method name="getNearbyAttractions" desc="(Ljava/lang/String;)Ljava/lang/String;" line="45"><counter type="INSTRUCTION" missed="17" covered="0"/><counter type="LINE" missed="2" covered="0"/><counter type="COMPLEXITY" missed="1" covered="0"/><counter type="METHOD" missed="1" covered="0"/></method><method name="getRewards" desc="(Ljava/lang/String;)Ljava/lang/String;" line="51"><counter type="INSTRUCTION" missed="8" covered="0"/><counter type="LINE" missed="1" covered="0"/><counter type="COMPLEXITY" missed="1" covered="0"/><counter type="METHOD" missed="1" covered="0"/></method><method name="getAllCurrentLocations" desc="()Ljava/lang/String;" line="65"><counter type="INSTRUCTION" missed="16" covered="0"/><counter type="LINE" missed="4" covered="0"/><counter type="COMPLEXITY" missed="1" covered="0"/><counter type="METHOD" missed="1" covered="0"/></method><method name="getTripDeals" desc="(Ljava/lang/String;)Ljava/lang/String;" line="79"><counter type="INSTRUCTION" missed="10" covered="0"/><counter type="LINE" missed="2" covered="0"/><counter type="COMPLEXITY" missed="1" covered="0"/><counter type="METHOD" missed="1" covered="0"/></method><method name="getUser" desc="(Ljava/lang/String;)LtourGuide/user/User;" line="84"><counter type="INSTRUCTION" missed="5" covered="0"/><counter type="LINE" missed="1" covered="0"/><counter type="COMPLEXITY" missed="1" covered="0"/><counter type="METHOD" missed="1" covered="0"/></method><method name="lambda$getAllCurrentLocations$0" desc="(Ljava/util/List;LtourGuide/user/User;)V" line="68"><counter type="INSTRUCTION" missed="33" covered="0"/><counter type="LINE" missed="4" covered="0"/><counter type="COMPLEXITY" missed="1" covered="0"/><counter type="METHOD" missed="1" covered="0"/></method><counter type="INSTRUCTION" missed="105" covered="0"/><counter type="LINE" missed="18" covered="0"/><counter type="COMPLEXITY" missed="9" covered="0"/><counter type="METHOD" missed="9" covered="0"/><counter type="CLASS" missed="1" covered="0"/></class><sourcefile name="Application.java"><line nr="7" mi="3" ci="0" mb="0" cb="0"/><line nr="10" mi="4" ci="0" mb="0" cb="0"/><line nr="11" mi="1" ci="0" mb="0" cb="0"/><counter type="INSTRUCTION" missed="8" covered="0"/><counter type="LINE" missed="3" covered="0"/><counter type="COMPLEXITY" missed="2" covered="0"/><counter type="METHOD" missed="2" covered="0"/><counter type="CLASS" missed="1" covered="0"/></sourcefile><sourcefile name="TourGuideModule.java"><line nr="13" mi="3" ci="0" mb="0" cb="0"/><line nr="16" mi="4" ci="0" mb="0" cb="0"/><line nr="21" mi="8" ci="0" mb="0" cb="0"/><line nr="26" mi="4" ci="0" mb="0" cb="0"/><counter type="INSTRUCTION" missed="19" covered="0"/><counter type="LINE" missed="4" covered="0"/><counter type="COMPLEXITY" missed="4" covered="0"/><counter type="METHOD" missed="4" covered="0"/><counter type="CLASS" missed="1" covered="0"/></sourcefile><sourcefile name="TourGuideController.java"><line nr="18" mi="3" ci="0" mb="0" cb="0"/><line nr="25" mi="2" ci="0" mb="0" cb="0"/><line nr="30" mi="7" ci="0" mb="0" cb="0"/><line nr="31" mi="4" ci="0" mb="0" cb="0"/><line nr="45" mi="7" ci="0" mb="0" cb="0"/><line nr="46" mi="10" ci="0" mb="0" cb="0"/><line nr="51" mi="8" ci="0" mb="0" cb="0"/><line nr="65" mi="4" ci="0" mb="0" cb="0"/><line nr="66" mi="4" ci="0" mb="0" cb="0"/><line nr="67" mi="5" ci="0" mb="0" cb="0"/><line nr="68" mi="6" ci="0" mb="0" cb="0"/><line nr="69" mi="22" ci="0" mb="0" cb="0"/><line nr="72" mi="4" ci="0" mb="0" cb="0"/><line nr="73" mi="1" ci="0" mb="0" cb="0"/><line nr="74" mi="3" ci="0" mb="0" cb="0"/><line nr="79" mi="7" ci="0" mb="0" cb="0"/><line nr="80" mi="3" ci="0" mb="0" cb="0"/><line nr="84" mi="5" ci="0" mb="0" cb="0"/><counter type="INSTRUCTION" missed="105" covered="0"/><counter type="LINE" missed="18" covered="0"/><counter type="COMPLEXITY" missed="9" covered="0"/><counter type="METHOD" missed="9" covered="0"/><counter type="CLASS" missed="1" covered="0"/></sourcefile><counter type="INSTRUCTION" missed="132" covered="0"/><counter type="LINE" missed="25" covered="0"/><counter type="COMPLEXITY" missed="15" covered="0"/><counter type="METHOD" missed="15" covered="0"/><counter type="CLASS" missed="3" covered="0"/></package><package name="tourGuide/tracker"><class name="tourGuide/tracker/TrackerCompletableFuture" sourcefilename="TrackerCompletableFuture.java"><method name="&lt;init&gt;" desc="(LtourGuide/service/TourGuideService;LgpsUtil/GpsUtil;)V" line="17"><counter type="INSTRUCTION" missed="0" covered="18"/><counter type="LINE" missed="0" covered="6"/><counter type="COMPLEXITY" missed="0" covered="1"/><counter type="METHOD" missed="0" covered="1"/></method><method name="run" desc="()V" line="30"><counter type="INSTRUCTION" missed="0" covered="33"/><counter type="LINE" missed="0" covered="12"/><counter type="COMPLEXITY" missed="0" covered="1"/><counter type="METHOD" missed="0" covered="1"/></method><method name="getLocationsUsers" desc="()Ljava/util/TreeMap;" line="47"><counter type="INSTRUCTION" missed="3" covered="0"/><counter type="LINE" missed="1" covered="0"/><counter type="COMPLEXITY" missed="1" covered="0"/><counter type="METHOD" missed="1" covered="0"/></method><method name="lambda$run$0" desc="(LtourGuide/user/User;)V" line="38"><counter type="INSTRUCTION" missed="0" covered="13"/><counter type="LINE" missed="0" covered="1"/><counter type="COMPLEXITY" missed="0" covered="1"/><counter type="METHOD" missed="0" covered="1"/></method><counter type="INSTRUCTION" missed="3" covered="64"/><counter type="LINE" missed="1" covered="18"/><counter type="COMPLEXITY" missed="1" covered="3"/><counter type="METHOD" missed="1" covered="3"/><counter type="CLASS" missed="0" covered="1"/></class><class name="tourGuide/tracker/Tracker" sourcefilename="Tracker.java"><method name="&lt;init&gt;" desc="(LtourGuide/service/TourGuideService;)V" line="16"><counter type="INSTRUCTION" missed="0" covered="21"/><counter type="LINE" missed="0" covered="7"/><counter type="COMPLEXITY" missed="0" covered="1"/><counter type="METHOD" missed="0" covered="1"/></method><method name="stopTracking" desc="()V" line="32"><counter type="INSTRUCTION" missed="0" covered="8"/><counter type="LINE" missed="0" covered="3"/><counter type="COMPLEXITY" missed="0" covered="1"/><counter type="METHOD" missed="0" covered="1"/></method><method name="run" desc="()V" line="38"><counter type="INSTRUCTION" missed="5" covered="66"/><counter type="BRANCH" missed="1" covered="3"/><counter type="LINE" missed="3" covered="15"/><counter type="COMPLEXITY" missed="1" covered="2"/><counter type="METHOD" missed="0" covered="1"/></method><method name="lambda$run$0" desc="(LtourGuide/user/User;)V" line="48"><counter type="INSTRUCTION" missed="0" covered="6"/><counter type="LINE" missed="0" covered="1"/><counter type="COMPLEXITY" missed="0" covered="1"/><counter type="METHOD" missed="0" covered="1"/></method><method name="&lt;clinit&gt;" desc="()V" line="17"><counter type="INSTRUCTION" missed="0" covered="5"/><counter type="LINE" missed="0" covered="1"/><counter type="COMPLEXITY" missed="0" covered="1"/><counter type="METHOD" missed="0" covered="1"/></method><counter type="INSTRUCTION" missed="5" covered="106"/><counter type="BRANCH" missed="1" covered="3"/><counter type="LINE" missed="3" covered="26"/><counter type="COMPLEXITY" missed="1" covered="6"/><counter type="METHOD" missed="0" covered="5"/><counter type="CLASS" missed="0" covered="1"/></class><sourcefile name="TrackerCompletableFuture.java"><line nr="17" mi="0" ci="4" mb="0" cb="0"/><line nr="19" mi="0" ci="5" mb="0" cb="0"/><line nr="22" mi="0" ci="2" mb="0" cb="0"/><line nr="23" mi="0" ci="3" mb="0" cb="0"/><line nr="24" mi="0" ci="3" mb="0" cb="0"/><line nr="25" mi="0" ci="1" mb="0" cb="0"/><line nr="30" mi="0" ci="2" mb="0" cb="0"/><line nr="31" mi="0" ci="4" mb="0" cb="0"/><line nr="32" mi="0" ci="4" mb="0" cb="0"/><line nr="33" mi="0" ci="2" mb="0" cb="0"/><line nr="34" mi="0" ci="4" mb="0" cb="0"/><line nr="35" mi="0" ci="2" mb="0" cb="0"/><line nr="36" mi="0" ci="2" mb="0" cb="0"/><line nr="37" mi="0" ci="4" mb="0" cb="0"/><line nr="38" mi="0" ci="14" mb="0" cb="0"/><line nr="39" mi="0" ci="5" mb="0" cb="0"/><line nr="40" mi="0" ci="2" mb="0" cb="0"/><line nr="44" mi="0" ci="1" mb="0" cb="0"/><line nr="47" mi="3" ci="0" mb="0" cb="0"/><counter type="INSTRUCTION" missed="3" covered="64"/><counter type="LINE" missed="1" covered="18"/><counter type="COMPLEXITY" missed="1" covered="3"/><counter type="METHOD" missed="1" covered="3"/><counter type="CLASS" missed="0" covered="1"/></sourcefile><sourcefile name="Tracker.java"><line nr="16" mi="0" ci="4" mb="0" cb="0"/><line nr="17" mi="0" ci="5" mb="0" cb="0"/><line nr="18" mi="0" ci="3" mb="0" cb="0"/><line nr="20" mi="0" ci="3" mb="0" cb="0"/><line nr="22" mi="0" ci="2" mb="0" cb="0"/><line nr="23" mi="0" ci="3" mb="0" cb="0"/><line nr="25" mi="0" ci="5" mb="0" cb="0"/><line nr="26" mi="0" ci="1" mb="0" cb="0"/><line nr="32" mi="0" ci="3" mb="0" cb="0"/><line nr="33" mi="0" ci="4" mb="0" cb="0"/><line nr="34" mi="0" ci="1" mb="0" cb="0"/><line nr="38" mi="0" ci="4" mb="0" cb="0"/><line nr="40" mi="0" ci="6" mb="1" cb="3"/><line nr="41" mi="0" ci="4" mb="0" cb="0"/><line nr="42" mi="0" ci="1" mb="0" cb="0"/><line nr="45" mi="0" ci="4" mb="0" cb="0"/><line nr="46" mi="0" ci="14" mb="0" cb="0"/><line nr="47" mi="0" ci="2" mb="0" cb="0"/><line nr="48" mi="0" ci="10" mb="0" cb="0"/><line nr="49" mi="0" ci="2" mb="0" cb="0"/><line nr="50" mi="0" ci="16" mb="0" cb="0"/><line nr="51" mi="0" ci="2" mb="0" cb="0"/><line nr="53" mi="0" ci="4" mb="0" cb="0"/><line nr="54" mi="3" ci="0" mb="0" cb="0"/><line nr="55" mi="0" ci="1" mb="0" cb="0"/><line nr="56" mi="0" ci="1" mb="0" cb="0"/><line nr="57" mi="1" ci="0" mb="0" cb="0"/><line nr="58" mi="1" ci="0" mb="0" cb="0"/><line nr="60" mi="0" ci="1" mb="0" cb="0"/><counter type="INSTRUCTION" missed="5" covered="106"/><counter type="BRANCH" missed="1" covered="3"/><counter type="LINE" missed="3" covered="26"/><counter type="COMPLEXITY" missed="1" covered="6"/><counter type="METHOD" missed="0" covered="5"/><counter type="CLASS" missed="0" covered="1"/></sourcefile><counter type="INSTRUCTION" missed="8" covered="170"/><counter type="BRANCH" missed="1" covered="3"/><counter type="LINE" missed="4" covered="44"/><counter type="COMPLEXITY" missed="2" covered="9"/><counter type="METHOD" missed="1" covered="8"/><counter type="CLASS" missed="0" covered="2"/></package><package name="tourGuide/helper"><class name="tourGuide/helper/InternalTestHelper" sourcefilename="InternalTestHelper.java"><method name="&lt;init&gt;" desc="()V" line="3"><counter type="INSTRUCTION" missed="3" covered="0"/><counter type="LINE" missed="1" covered="0"/><counter type="COMPLEXITY" missed="1" covered="0"/><counter type="METHOD" missed="1" covered="0"/></method><method name="setInternalUserNumber" desc="(I)V" line="9"><counter type="INSTRUCTION" missed="0" covered="3"/><counter type="LINE" missed="0" covered="2"/><counter type="COMPLEXITY" missed="0" covered="1"/><counter type="METHOD" missed="0" covered="1"/></method><method name="getInternalUserNumber" desc="()I" line="13"><counter type="INSTRUCTION" missed="0" covered="2"/><counter type="LINE" missed="0" covered="1"/><counter type="COMPLEXITY" missed="0" covered="1"/><counter type="METHOD" missed="0" covered="1"/></method><method name="&lt;clinit&gt;" desc="()V" line="6"><counter type="INSTRUCTION" missed="0" covered="3"/><counter type="LINE" missed="0" covered="1"/><counter type="COMPLEXITY" missed="0" covered="1"/><counter type="METHOD" missed="0" covered="1"/></method><counter type="INSTRUCTION" missed="3" covered="8"/><counter type="LINE" missed="1" covered="4"/><counter type="COMPLEXITY" missed="1" covered="3"/><counter type="METHOD" missed="1" covered="3"/><counter type="CLASS" missed="0" covered="1"/></class><sourcefile name="InternalTestHelper.java"><line nr="3" mi="3" ci="0" mb="0" cb="0"/><line nr="6" mi="0" ci="3" mb="0" cb="0"/><line nr="9" mi="0" ci="2" mb="0" cb="0"/><line nr="10" mi="0" ci="1" mb="0" cb="0"/><line nr="13" mi="0" ci="2" mb="0" cb="0"/><counter type="INSTRUCTION" missed="3" covered="8"/><counter type="LINE" missed="1" covered="4"/><counter type="COMPLEXITY" missed="1" covered="3"/><counter type="METHOD" missed="1" covered="3"/><counter type="CLASS" missed="0" covered="1"/></sourcefile><counter type="INSTRUCTION" missed="3" covered="8"/><counter type="LINE" missed="1" covered="4"/><counter type="COMPLEXITY" missed="1" covered="3"/><counter type="METHOD" missed="1" covered="3"/><counter type="CLASS" missed="0" covered="1"/></package><package name="tourGuide/service"><class name="tourGuide/service/RewardsService" sourcefilename="RewardsService.java"><method name="&lt;init&gt;" desc="(LgpsUtil/GpsUtil;LrewardCentral/RewardCentral;)V" line="25"><counter type="INSTRUCTION" missed="0" covered="19"/><counter type="LINE" missed="0" covered="7"/><counter type="COMPLEXITY" missed="0" covered="1"/><counter type="METHOD" missed="0" covered="1"/></method><method name="setProximityBuffer" desc="(I)V" line="38"><counter type="INSTRUCTION" missed="0" covered="4"/><counter type="LINE" missed="0" covered="2"/><counter type="COMPLEXITY" missed="0" covered="1"/><counter type="METHOD" missed="0" covered="1"/></method><method name="setDefaultProximityBuffer" desc="()V" line="42"><counter type="INSTRUCTION" missed="5" covered="0"/><counter type="LINE" missed="2" covered="0"/><counter type="COMPLEXITY" missed="1" covered="0"/><counter type="METHOD" missed="1" covered="0"/></method><method name="calculateRewards" desc="(LtourGuide/user/User;)V" line="46"><counter type="INSTRUCTION" missed="0" covered="37"/><counter type="LINE" missed="0" covered="13"/><counter type="COMPLEXITY" missed="0" covered="1"/><counter type="METHOD" missed="0" covered="1"/></method><method name="isWithinAttractionProximity" desc="(LgpsUtil/location/Attraction;LgpsUtil/location/Location;)Z" line="86"><counter type="INSTRUCTION" missed="2" covered="11"/><counter type="BRANCH" missed="1" covered="1"/><counter type="LINE" missed="0" covered="1"/><counter type="COMPLEXITY" missed="1" covered="1"/><counter type="METHOD" missed="0" covered="1"/></method><method name="nearAttraction" desc="(LgpsUtil/location/VisitedLocation;LgpsUtil/location/Attraction;)Z" line="90"><counter type="INSTRUCTION" missed="0" covered="14"/><counter type="BRANCH" missed="0" covered="2"/><counter type="LINE" missed="0" covered="1"/><counter type="COMPLEXITY" missed="0" covered="2"/><counter type="METHOD" missed="0" covered="1"/></method><method name="getRewardPoints" desc="(LgpsUtil/location/Attraction;LtourGuide/user/User;)I" line="94"><counter type="INSTRUCTION" missed="0" covered="8"/><counter type="LINE" missed="0" covered="1"/><counter type="COMPLEXITY" missed="0" covered="1"/><counter type="METHOD" missed="0" covered="1"/></method><method name="getDistance" desc="(LgpsUtil/location/Location;LgpsUtil/location/Location;)D" line="98"><counter type="INSTRUCTION" missed="0" covered="45"/><counter type="LINE" missed="0" covered="9"/><counter type="COMPLEXITY" missed="0" covered="1"/><counter type="METHOD" missed="0" covered="1"/></method><method name="lambda$calculateRewards$5" desc="(Ljava/util/List;LtourGuide/user/User;Ljava/util/concurrent/ExecutorService;LgpsUtil/location/VisitedLocation;)V" line="74"><counter type="INSTRUCTION" missed="0" covered="14"/><counter type="LINE" missed="0" covered="4"/><counter type="COMPLEXITY" missed="0" covered="1"/><counter type="METHOD" missed="0" covered="1"/></method><method name="lambda$null$4" desc="(LtourGuide/user/User;Ljava/util/concurrent/ExecutorService;LgpsUtil/location/VisitedLocation;LgpsUtil/location/Attraction;)V" line="76"><counter type="INSTRUCTION" missed="0" covered="13"/><counter type="LINE" missed="0" covered="1"/><counter type="COMPLEXITY" missed="0" covered="1"/><counter type="METHOD" missed="0" covered="1"/></method><method name="lambda$null$3" desc="(LtourGuide/user/User;LgpsUtil/location/VisitedLocation;LgpsUtil/location/Attraction;Ljava/lang/Integer;)V" line="77"><counter type="INSTRUCTION" missed="0" covered="10"/><counter type="LINE" missed="0" covered="1"/><counter type="COMPLEXITY" missed="0" covered="1"/><counter type="METHOD" missed="0" covered="1"/></method><method name="lambda$null$2" desc="(LgpsUtil/location/Attraction;LtourGuide/user/User;)Ljava/lang/Integer;" line="76"><counter type="INSTRUCTION" missed="0" covered="6"/><counter type="LINE" missed="0" covered="1"/><counter type="COMPLEXITY" missed="0" covered="1"/><counter type="METHOD" missed="0" covered="1"/></method><method name="lambda$null$1" desc="(LgpsUtil/location/VisitedLocation;LtourGuide/user/User;LgpsUtil/location/Attraction;)Z" line="75"><counter type="INSTRUCTION" missed="0" covered="19"/><counter type="BRANCH" missed="0" covered="4"/><counter type="LINE" missed="0" covered="1"/><counter type="COMPLEXITY" missed="0" covered="3"/><counter type="METHOD" missed="0" covered="1"/></method><method name="lambda$null$0" desc="(LgpsUtil/location/Attraction;LtourGuide/user/UserReward;)Z" line="75"><counter type="INSTRUCTION" missed="0" covered="7"/><counter type="LINE" missed="0" covered="1"/><counter type="COMPLEXITY" missed="0" covered="1"/><counter type="METHOD" missed="0" covered="1"/></method><counter type="INSTRUCTION" missed="7" covered="207"/><counter type="BRANCH" missed="1" covered="7"/><counter type="LINE" missed="2" covered="39"/><counter type="COMPLEXITY" missed="2" covered="16"/><counter type="METHOD" missed="1" covered="13"/><counter type="CLASS" missed="0" covered="1"/></class><class name="tourGuide/service/TourGuideService" sourcefilename="TourGuideService.java"><method name="&lt;init&gt;" desc="(LgpsUtil/GpsUtil;LtourGuide/service/RewardsService;)V" line="30"><counter type="INSTRUCTION" missed="0" covered="58"/><counter type="BRANCH" missed="1" covered="1"/><counter type="LINE" missed="0" covered="16"/><counter type="COMPLEXITY" missed="1" covered="1"/><counter type="METHOD" missed="0" covered="1"/></method><method name="setLocationsUsers" desc="(Ljava/util/TreeMap;)V" line="56"><counter type="INSTRUCTION" missed="0" covered="4"/><counter type="LINE" missed="0" covered="2"/><counter type="COMPLEXITY" missed="0" covered="1"/><counter type="METHOD" missed="0" covered="1"/></method><method name="getUserRewards" desc="(LtourGuide/user/User;)Ljava/util/List;" line="60"><counter type="INSTRUCTION" missed="3" covered="0"/><counter type="LINE" missed="1" covered="0"/><counter type="COMPLEXITY" missed="1" covered="0"/><counter type="METHOD" missed="1" covered="0"/></method><method name="getUserLocation" desc="(LtourGuide/user/User;)LgpsUtil/location/VisitedLocation;" line="64"><counter type="INSTRUCTION" missed="13" covered="0"/><counter type="BRANCH" missed="2" covered="0"/><counter type="LINE" missed="4" covered="0"/><counter type="COMPLEXITY" missed="2" covered="0"/><counter type="METHOD" missed="1" covered="0"/></method><method name="getUser" desc="(Ljava/lang/String;)LtourGuide/user/User;" line="71"><counter type="INSTRUCTION" missed="6" covered="0"/><counter type="LINE" missed="1" covered="0"/><counter type="COMPLEXITY" missed="1" covered="0"/><counter type="METHOD" missed="1" covered="0"/></method><method name="getAllUsers" desc="()Ljava/util/List;" line="75"><counter type="INSTRUCTION" missed="0" covered="8"/><counter type="LINE" missed="0" covered="1"/><counter type="COMPLEXITY" missed="0" covered="1"/><counter type="METHOD" missed="0" covered="1"/></method><method name="addUser" desc="(LtourGuide/user/User;)V" line="79"><counter type="INSTRUCTION" missed="14" covered="0"/><counter type="BRANCH" missed="2" covered="0"/><counter type="LINE" missed="3" covered="0"/><counter type="COMPLEXITY" missed="2" covered="0"/><counter type="METHOD" missed="1" covered="0"/></method><method name="getTripDeals" desc="(LtourGuide/user/User;)Ljava/util/List;" line="85"><counter type="INSTRUCTION" missed="29" covered="0"/><counter type="LINE" missed="5" covered="0"/><counter type="COMPLEXITY" missed="1" covered="0"/><counter type="METHOD" missed="1" covered="0"/></method><method name="trackUserLocation" desc="(LtourGuide/user/User;)LgpsUtil/location/VisitedLocation;" line="94"><counter type="INSTRUCTION" missed="0" covered="27"/><counter type="LINE" missed="0" covered="6"/><counter type="COMPLEXITY" missed="0" covered="1"/><counter type="METHOD" missed="0" covered="1"/></method><method name="getNearByAttractions" desc="(LgpsUtil/location/VisitedLocation;)Ljava/util/List;" line="105"><counter type="INSTRUCTION" missed="30" covered="0"/><counter type="BRANCH" missed="4" covered="0"/><counter type="LINE" missed="6" covered="0"/><counter type="COMPLEXITY" missed="3" covered="0"/><counter type="METHOD" missed="1" covered="0"/></method><method name="getNearByAttractionsFiveCloser" desc="(LgpsUtil/location/VisitedLocation;LtourGuide/user/User;)Ljava/util/List;" line="115"><counter type="INSTRUCTION" missed="81" covered="0"/><counter type="BRANCH" missed="4" covered="0"/><counter type="LINE" missed="19" covered="0"/><counter type="COMPLEXITY" missed="3" covered="0"/><counter type="METHOD" missed="1" covered="0"/></method><method name="addShutDownHook" desc="()V" line="145"><counter type="INSTRUCTION" missed="7" covered="0"/><counter type="LINE" missed="2" covered="0"/><counter type="COMPLEXITY" missed="1" covered="0"/><counter type="METHOD" missed="1" covered="0"/></method><method name="initializeInternalUsers" desc="()V" line="161"><counter type="INSTRUCTION" missed="0" covered="20"/><counter type="LINE" missed="0" covered="3"/><counter type="COMPLEXITY" missed="0" covered="1"/><counter type="METHOD" missed="0" covered="1"/></method><method name="generateUserLocationHistory" desc="(LtourGuide/user/User;)V" line="174"><counter type="INSTRUCTION" missed="0" covered="8"/><counter type="LINE" missed="0" covered="2"/><counter type="COMPLEXITY" missed="0" covered="1"/><counter type="METHOD" missed="0" covered="1"/></method><method name="generateRandomLongitude" desc="()D" line="180"><counter type="INSTRUCTION" missed="0" covered="15"/><counter type="LINE" missed="0" covered="3"/><counter type="COMPLEXITY" missed="0" covered="1"/><counter type="METHOD" missed="0" covered="1"/></method><method name="generateRandomLatitude" desc="()D" line="186"><counter type="INSTRUCTION" missed="0" covered="15"/><counter type="LINE" missed="0" covered="3"/><counter type="COMPLEXITY" missed="0" covered="1"/><counter type="METHOD" missed="0" covered="1"/></method><method name="getRandomTime" desc="()Ljava/util/Date;" line="192"><counter type="INSTRUCTION" missed="0" covered="14"/><counter type="LINE" missed="0" covered="2"/><counter type="COMPLEXITY" missed="0" covered="1"/><counter type="METHOD" missed="0" covered="1"/></method><method name="lambda$generateUserLocationHistory$5" desc="(LtourGuide/user/User;I)V" line="175"><counter type="INSTRUCTION" missed="0" covered="17"/><counter type="LINE" missed="0" covered="2"/><counter type="COMPLEXITY" missed="0" covered="1"/><counter type="METHOD" missed="0" covered="1"/></method><method name="lambda$initializeInternalUsers$4" desc="(I)V" line="162"><counter type="INSTRUCTION" missed="0" covered="38"/><counter type="LINE" missed="0" covered="7"/><counter type="COMPLEXITY" missed="0" covered="1"/><counter type="METHOD" missed="0" covered="1"/></method><method name="lambda$getNearByAttractionsFiveCloser$3" desc="(Ljava/util/TreeMap;LgpsUtil/location/VisitedLocation;LgpsUtil/location/Attraction;)V" line="118"><counter type="INSTRUCTION" missed="20" covered="0"/><counter type="LINE" missed="3" covered="0"/><counter type="COMPLEXITY" missed="1" covered="0"/><counter type="METHOD" missed="1" covered="0"/></method><method name="lambda$trackUserLocation$2" desc="(LtourGuide/user/User;)V" line="99"><counter type="INSTRUCTION" missed="0" covered="5"/><counter type="LINE" missed="0" covered="1"/><counter type="COMPLEXITY" missed="0" covered="1"/><counter type="METHOD" missed="0" covered="1"/></method><method name="lambda$trackUserLocation$1" desc="([LgpsUtil/location/VisitedLocation;LtourGuide/user/User;)V" line="97"><counter type="INSTRUCTION" missed="0" covered="15"/><counter type="LINE" missed="0" covered="3"/><counter type="COMPLEXITY" missed="0" covered="1"/><counter type="METHOD" missed="0" covered="1"/></method><method name="lambda$getTripDeals$0" desc="(LtourGuide/user/UserReward;)I" line="85"><counter type="INSTRUCTION" missed="3" covered="0"/><counter type="LINE" missed="1" covered="0"/><counter type="COMPLEXITY" missed="1" covered="0"/><counter type="METHOD" missed="1" covered="0"/></method><counter type="INSTRUCTION" missed="206" covered="244"/><counter type="BRANCH" missed="13" covered="1"/><counter type="LINE" missed="44" covered="49"/><counter type="COMPLEXITY" missed="17" covered="13"/><counter type="METHOD" missed="10" covered="13"/><counter type="CLASS" missed="0" covered="1"/></class><class name="tourGuide/service/TourGuideService$1" sourcefilename="TourGuideService.java"><method name="&lt;init&gt;" desc="(LtourGuide/service/TourGuideService;)V" line="145"><counter type="INSTRUCTION" missed="6" covered="0"/><counter type="LINE" missed="1" covered="0"/><counter type="COMPLEXITY" missed="1" covered="0"/><counter type="METHOD" missed="1" covered="0"/></method><method name="run" desc="()V" line="148"><counter type="INSTRUCTION" missed="1" covered="0"/><counter type="LINE" missed="1" covered="0"/><counter type="COMPLEXITY" missed="1" covered="0"/><counter type="METHOD" missed="1" covered="0"/></method><counter type="INSTRUCTION" missed="7" covered="0"/><counter type="LINE" missed="2" covered="0"/><counter type="COMPLEXITY" missed="2" covered="0"/><counter type="METHOD" missed="2" covered="0"/><counter type="CLASS" missed="1" covered="0"/></class><sourcefile name="RewardsService.java"><line nr="25" mi="0" ci="3" mb="0" cb="0"/><line nr="26" mi="0" ci="4" mb="0" cb="0"/><line nr="27" mi="0" ci="3" mb="0" cb="0"/><line nr="32" mi="0" ci="2" mb="0" cb="0"/><line nr="33" mi="0" ci="3" mb="0" cb="0"/><line nr="34" mi="0" ci="3" mb="0" cb="0"/><line nr="35" mi="0" ci="1" mb="0" cb="0"/><line nr="38" mi="0" ci="3" mb="0" cb="0"/><line nr="39" mi="0" ci="1" mb="0" cb="0"/><line nr="42" mi="4" ci="0" mb="0" cb="0"/><line nr="43" mi="1" ci="0" mb="0" cb="0"/><line nr="46" mi="0" ci="3" mb="0" cb="0"/><line nr="47" mi="0" ci="4" mb="0" cb="0"/><line nr="48" mi="0" ci="2" mb="0" cb="0"/><line nr="49" mi="0" ci="3" mb="0" cb="0"/><line nr="50" mi="0" ci="4" mb="0" cb="0"/><line nr="51" mi="0" ci="2" mb="0" cb="0"/><line nr="70" mi="0" ci="4" mb="0" cb="0"/><line nr="71" mi="0" ci="2" mb="0" cb="0"/><line nr="72" mi="0" ci="7" mb="0" cb="0"/><line nr="73" mi="0" ci="1" mb="0" cb="0"/><line nr="74" mi="0" ci="6" mb="0" cb="0"/><line nr="75" mi="0" ci="32" mb="0" cb="4"/><line nr="76" mi="0" ci="20" mb="0" cb="0"/><line nr="77" mi="0" ci="10" mb="0" cb="0"/><line nr="78" mi="0" ci="1" mb="0" cb="0"/><line nr="79" mi="0" ci="2" mb="0" cb="0"/><line nr="80" mi="0" ci="2" mb="0" cb="0"/><line nr="83" mi="0" ci="1" mb="0" cb="0"/><line nr="86" mi="2" ci="11" mb="1" cb="1"/><line nr="90" mi="0" ci="14" mb="0" cb="2"/><line nr="94" mi="0" ci="8" mb="0" cb="0"/><line nr="98" mi="0" ci="4" mb="0" cb="0"/><line nr="99" mi="0" ci="4" mb="0" cb="0"/><line nr="100" mi="0" ci="4" mb="0" cb="0"/><line nr="101" mi="0" ci="4" mb="0" cb="0"/><line nr="103" mi="0" ci="8" mb="0" cb="0"/><line nr="104" mi="0" ci="10" mb="0" cb="0"/><line nr="106" mi="0" ci="5" mb="0" cb="0"/><line nr="107" mi="0" ci="4" mb="0" cb="0"/><line nr="108" mi="0" ci="2" mb="0" cb="0"/><counter type="INSTRUCTION" missed="7" covered="207"/><counter type="BRANCH" missed="1" covered="7"/><counter type="LINE" missed="2" covered="39"/><counter type="COMPLEXITY" missed="2" covered="16"/><counter type="METHOD" missed="1" covered="13"/><counter type="CLASS" missed="0" covered="1"/></sourcefile><sourcefile name="TourGuideService.java"><line nr="30" mi="0" ci="4" mb="0" cb="0"/><line nr="33" mi="0" ci="5" mb="0" cb="0"/><line nr="36" mi="0" ci="5" mb="0" cb="0"/><line nr="37" mi="0" ci="3" mb="0" cb="0"/><line nr="39" mi="0" ci="2" mb="0" cb="0"/><line nr="40" mi="0" ci="3" mb="0" cb="0"/><line nr="41" mi="0" ci="3" mb="0" cb="0"/><line nr="43" mi="0" ci="3" mb="1" cb="1"/><line nr="44" mi="0" ci="4" mb="0" cb="0"/><line nr="45" mi="0" ci="4" mb="0" cb="0"/><line nr="46" mi="0" ci="2" mb="0" cb="0"/><line nr="47" mi="0" ci="4" mb="0" cb="0"/><line nr="51" mi="0" ci="7" mb="0" cb="0"/><line nr="52" mi="0" ci="3" mb="0" cb="0"/><line nr="53" mi="0" ci="1" mb="0" cb="0"/><line nr="56" mi="0" ci="3" mb="0" cb="0"/><line nr="57" mi="0" ci="1" mb="0" cb="0"/><line nr="60" mi="3" ci="0" mb="0" cb="0"/><line nr="64" mi="5" ci="0" mb="2" cb="0"/><line nr="65" mi="4" ci="0" mb="0" cb="0"/><line nr="66" mi="2" ci="0" mb="0" cb="0"/><line nr="67" mi="2" ci="0" mb="0" cb="0"/><line nr="71" mi="6" ci="0" mb="0" cb="0"/><line nr="75" mi="0" ci="8" mb="0" cb="0"/><line nr="79" mi="6" ci="0" mb="2" cb="0"/><line nr="80" mi="7" ci="0" mb="0" cb="0"/><line nr="82" mi="1" ci="0" mb="0" cb="0"/><line nr="85" mi="10" ci="0" mb="0" cb="0"/><line nr="86" mi="11" ci="0" mb="0" cb="0"/><line nr="87" mi="6" ci="0" mb="0" cb="0"/><line nr="88" mi="3" ci="0" mb="0" cb="0"/><line nr="89" mi="2" ci="0" mb="0" cb="0"/><line nr="94" mi="0" ci="3" mb="0" cb="0"/><line nr="95" mi="0" ci="7" mb="0" cb="0"/><line nr="96" mi="0" ci="9" mb="0" cb="0"/><line nr="97" mi="0" ci="9" mb="0" cb="0"/><line nr="98" mi="0" ci="5" mb="0" cb="0"/><line nr="99" mi="0" ci="8" mb="0" cb="0"/><line nr="100" mi="0" ci="2" mb="0" cb="0"/><line nr="101" mi="0" ci="4" mb="0" cb="0"/><line nr="105" mi="4" ci="0" mb="0" cb="0"/><line nr="106" mi="12" ci="0" mb="2" cb="0"/><line nr="107" mi="7" ci="0" mb="2" cb="0"/><line nr="108" mi="4" ci="0" mb="0" cb="0"/><line nr="110" mi="1" ci="0" mb="0" cb="0"/><line nr="111" mi="2" ci="0" mb="0" cb="0"/><line nr="115" mi="4" ci="0" mb="0" cb="0"/><line nr="116" mi="4" ci="0" mb="0" cb="0"/><line nr="117" mi="6" ci="0" mb="0" cb="0"/><line nr="118" mi="8" ci="0" mb="0" cb="0"/><line nr="119" mi="11" ci="0" mb="0" cb="0"/><line nr="120" mi="1" ci="0" mb="0" cb="0"/><line nr="121" mi="3" ci="0" mb="0" cb="0"/><line nr="122" mi="3" ci="0" mb="0" cb="0"/><line nr="123" mi="4" ci="0" mb="0" cb="0"/><line nr="124" mi="2" ci="0" mb="0" cb="0"/><line nr="125" mi="3" ci="0" mb="2" cb="0"/><line nr="126" mi="4" ci="0" mb="0" cb="0"/><line nr="127" mi="4" ci="0" mb="0" cb="0"/><line nr="128" mi="24" ci="0" mb="0" cb="0"/><line nr="132" mi="6" ci="0" mb="0" cb="0"/><line nr="133" mi="3" ci="0" mb="0" cb="0"/><line nr="134" mi="4" ci="0" mb="0" cb="0"/><line nr="135" mi="1" ci="0" mb="0" cb="0"/><line nr="136" mi="2" ci="0" mb="2" cb="0"/><line nr="137" mi="1" ci="0" mb="0" cb="0"/><line nr="140" mi="1" ci="0" mb="0" cb="0"/><line nr="141" mi="2" ci="0" mb="0" cb="0"/><line nr="145" mi="12" ci="0" mb="0" cb="0"/><line nr="148" mi="1" ci="0" mb="0" cb="0"/><line nr="150" mi="1" ci="0" mb="0" cb="0"/><line nr="159" mi="0" ci="5" mb="0" cb="0"/><line nr="161" mi="0" ci="6" mb="0" cb="0"/><line nr="162" mi="0" ci="9" mb="0" cb="0"/><line nr="163" mi="0" ci="2" mb="0" cb="0"/><line nr="164" mi="0" ci="9" mb="0" cb="0"/><line nr="165" mi="0" ci="8" mb="0" cb="0"/><line nr="166" mi="0" ci="3" mb="0" cb="0"/><line nr="168" mi="0" ci="6" mb="0" cb="0"/><line nr="169" mi="0" ci="1" mb="0" cb="0"/><line nr="170" mi="0" ci="13" mb="0" cb="0"/><line nr="171" mi="0" ci="1" mb="0" cb="0"/><line nr="174" mi="0" ci="7" mb="0" cb="0"/><line nr="175" mi="0" ci="16" mb="0" cb="0"/><line nr="176" mi="0" ci="1" mb="0" cb="0"/><line nr="177" mi="0" ci="1" mb="0" cb="0"/><line nr="180" mi="0" ci="2" mb="0" cb="0"/><line nr="181" mi="0" ci="2" mb="0" cb="0"/><line nr="182" mi="0" ci="11" mb="0" cb="0"/><line nr="186" mi="0" ci="2" mb="0" cb="0"/><line nr="187" mi="0" ci="2" mb="0" cb="0"/><line nr="188" mi="0" ci="11" mb="0" cb="0"/><line nr="192" mi="0" ci="9" mb="0" cb="0"/><line nr="193" mi="0" ci="5" mb="0" cb="0"/><counter type="INSTRUCTION" missed="213" covered="244"/><counter type="BRANCH" missed="13" covered="1"/><counter type="LINE" missed="45" covered="49"/><counter type="COMPLEXITY" missed="19" covered="13"/><counter type="METHOD" missed="12" covered="13"/><counter type="CLASS" missed="1" covered="1"/></sourcefile><counter type="INSTRUCTION" missed="220" covered="451"/><counter type="BRANCH" missed="14" covered="8"/><counter type="LINE" missed="47" covered="88"/><counter type="COMPLEXITY" missed="21" covered="29"/><counter type="METHOD" missed="13" covered="26"/><counter type="CLASS" missed="1" covered="2"/></package><package name="tourGuide/dto"><class name="tourGuide/dto/GetNearByAttractionsDTO" sourcefilename="GetNearByAttractionsDTO.java"><method name="&lt;init&gt;" desc="(Ljava/lang/String;LgpsUtil/location/Location;LgpsUtil/location/Location;Ljava/lang/Double;I)V" line="14"><counter type="INSTRUCTION" missed="0" covered="18"/><counter type="LINE" missed="0" covered="7"/><counter type="COMPLEXITY" missed="0" covered="1"/><counter type="METHOD" missed="0" covered="1"/></method><method name="getNameAttraction" desc="()Ljava/lang/String;" line="23"><counter type="INSTRUCTION" missed="3" covered="0"/><counter type="LINE" missed="1" covered="0"/><counter type="COMPLEXITY" missed="1" covered="0"/><counter type="METHOD" missed="1" covered="0"/></method><method name="setNameAttraction" desc="(Ljava/lang/String;)V" line="27"><counter type="INSTRUCTION" missed="4" covered="0"/><counter type="LINE" missed="2" covered="0"/><counter type="COMPLEXITY" missed="1" covered="0"/><counter type="METHOD" missed="1" covered="0"/></method><method name="getAttractionLocation" desc="()LgpsUtil/location/Location;" line="31"><counter type="INSTRUCTION" missed="3" covered="0"/><counter type="LINE" missed="1" covered="0"/><counter type="COMPLEXITY" missed="1" covered="0"/><counter type="METHOD" missed="1" covered="0"/></method><method name="setAttractionLocation" desc="(LgpsUtil/location/Location;)V" line="35"><counter type="INSTRUCTION" missed="4" covered="0"/><counter type="LINE" missed="2" covered="0"/><counter type="COMPLEXITY" missed="1" covered="0"/><counter type="METHOD" missed="1" covered="0"/></method><method name="getUserLocation" desc="()LgpsUtil/location/Location;" line="39"><counter type="INSTRUCTION" missed="3" covered="0"/><counter type="LINE" missed="1" covered="0"/><counter type="COMPLEXITY" missed="1" covered="0"/><counter type="METHOD" missed="1" covered="0"/></method><method name="setUserLocation" desc="(LgpsUtil/location/Location;)V" line="43"><counter type="INSTRUCTION" missed="4" covered="0"/><counter type="LINE" missed="2" covered="0"/><counter type="COMPLEXITY" missed="1" covered="0"/><counter type="METHOD" missed="1" covered="0"/></method><method name="getDistance" desc="()Ljava/lang/Double;" line="47"><counter type="INSTRUCTION" missed="3" covered="0"/><counter type="LINE" missed="1" covered="0"/><counter type="COMPLEXITY" missed="1" covered="0"/><counter type="METHOD" missed="1" covered="0"/></method><method name="setDistance" desc="(Ljava/lang/Double;)V" line="51"><counter type="INSTRUCTION" missed="4" covered="0"/><counter type="LINE" missed="2" covered="0"/><counter type="COMPLEXITY" missed="1" covered="0"/><counter type="METHOD" missed="1" covered="0"/></method><method name="getRewardsPoint" desc="()I" line="55"><counter type="INSTRUCTION" missed="3" covered="0"/><counter type="LINE" missed="1" covered="0"/><counter type="COMPLEXITY" missed="1" covered="0"/><counter type="METHOD" missed="1" covered="0"/></method><method name="setRewardsPoint" desc="(I)V" line="59"><counter type="INSTRUCTION" missed="4" covered="0"/><counter type="LINE" missed="2" covered="0"/><counter type="COMPLEXITY" missed="1" covered="0"/><counter type="METHOD" missed="1" covered="0"/></method><method name="toString" desc="()Ljava/lang/String;" line="64"><counter type="INSTRUCTION" missed="34" covered="0"/><counter type="LINE" missed="1" covered="0"/><counter type="COMPLEXITY" missed="1" covered="0"/><counter type="METHOD" missed="1" covered="0"/></method><counter type="INSTRUCTION" missed="69" covered="18"/><counter type="LINE" missed="16" covered="7"/><counter type="COMPLEXITY" missed="11" covered="1"/><counter type="METHOD" missed="11" covered="1"/><counter type="CLASS" missed="0" covered="1"/></class><sourcefile name="GetNearByAttractionsDTO.java"><line nr="14" mi="0" ci="2" mb="0" cb="0"/><line nr="15" mi="0" ci="3" mb="0" cb="0"/><line nr="16" mi="0" ci="3" mb="0" cb="0"/><line nr="17" mi="0" ci="3" mb="0" cb="0"/><line nr="18" mi="0" ci="3" mb="0" cb="0"/><line nr="19" mi="0" ci="3" mb="0" cb="0"/><line nr="20" mi="0" ci="1" mb="0" cb="0"/><line nr="23" mi="3" ci="0" mb="0" cb="0"/><line nr="27" mi="3" ci="0" mb="0" cb="0"/><line nr="28" mi="1" ci="0" mb="0" cb="0"/><line nr="31" mi="3" ci="0" mb="0" cb="0"/><line nr="35" mi="3" ci="0" mb="0" cb="0"/><line nr="36" mi="1" ci="0" mb="0" cb="0"/><line nr="39" mi="3" ci="0" mb="0" cb="0"/><line nr="43" mi="3" ci="0" mb="0" cb="0"/><line nr="44" mi="1" ci="0" mb="0" cb="0"/><line nr="47" mi="3" ci="0" mb="0" cb="0"/><line nr="51" mi="3" ci="0" mb="0" cb="0"/><line nr="52" mi="1" ci="0" mb="0" cb="0"/><line nr="55" mi="3" ci="0" mb="0" cb="0"/><line nr="59" mi="3" ci="0" mb="0" cb="0"/><line nr="60" mi="1" ci="0" mb="0" cb="0"/><line nr="64" mi="34" ci="0" mb="0" cb="0"/><counter type="INSTRUCTION" missed="69" covered="18"/><counter type="LINE" missed="16" covered="7"/><counter type="COMPLEXITY" missed="11" covered="1"/><counter type="METHOD" missed="11" covered="1"/><counter type="CLASS" missed="0" covered="1"/></sourcefile><counter type="INSTRUCTION" missed="69" covered="18"/><counter type="LINE" missed="16" covered="7"/><counter type="COMPLEXITY" missed="11" covered="1"/><counter type="METHOD" missed="11" covered="1"/><counter type="CLASS" missed="0" covered="1"/></package><package name="tourGuide/user"><class name="tourGuide/user/User" sourcefilename="User.java"><method name="&lt;init&gt;" desc="(Ljava/util/UUID;Ljava/lang/String;Ljava/lang/String;Ljava/lang/String;)V" line="17"><counter type="INSTRUCTION" missed="0" covered="35"/><counter type="LINE" missed="0" covered="10"/><counter type="COMPLEXITY" missed="0" covered="1"/><counter type="METHOD" missed="0" covered="1"/></method><method name="getUserId" desc="()Ljava/util/UUID;" line="29"><counter type="INSTRUCTION" missed="0" covered="3"/><counter type="LINE" missed="0" covered="1"/><counter type="COMPLEXITY" missed="0" covered="1"/><counter type="METHOD" missed="0" covered="1"/></method><method name="getUserName" desc="()Ljava/lang/String;" line="33"><counter type="INSTRUCTION" missed="0" covered="3"/><counter type="LINE" missed="0" covered="1"/><counter type="COMPLEXITY" missed="0" covered="1"/><counter type="METHOD" missed="0" covered="1"/></method><method name="setPhoneNumber" desc="(Ljava/lang/String;)V" line="37"><counter type="INSTRUCTION" missed="4" covered="0"/><counter type="LINE" missed="2" covered="0"/><counter type="COMPLEXITY" missed="1" covered="0"/><counter type="METHOD" missed="1" covered="0"/></method><method name="getPhoneNumber" desc="()Ljava/lang/String;" line="41"><counter type="INSTRUCTION" missed="3" covered="0"/><counter type="LINE" missed="1" covered="0"/><counter type="COMPLEXITY" missed="1" covered="0"/><counter type="METHOD" missed="1" covered="0"/></method><method name="setEmailAddress" desc="(Ljava/lang/String;)V" line="45"><counter type="INSTRUCTION" missed="4" covered="0"/><counter type="LINE" missed="2" covered="0"/><counter type="COMPLEXITY" missed="1" covered="0"/><counter type="METHOD" missed="1" covered="0"/></method><method name="getEmailAddress" desc="()Ljava/lang/String;" line="49"><counter type="INSTRUCTION" missed="3" covered="0"/><counter type="LINE" missed="1" covered="0"/><counter type="COMPLEXITY" missed="1" covered="0"/><counter type="METHOD" missed="1" covered="0"/></method><method name="setLatestLocationTimestamp" desc="(Ljava/util/Date;)V" line="53"><counter type="INSTRUCTION" missed="4" covered="0"/><counter type="LINE" missed="2" covered="0"/><counter type="COMPLEXITY" missed="1" covered="0"/><counter type="METHOD" missed="1" covered="0"/></method><method name="getLatestLocationTimestamp" desc="()Ljava/util/Date;" line="57"><counter type="INSTRUCTION" missed="3" covered="0"/><counter type="LINE" missed="1" covered="0"/><counter type="COMPLEXITY" missed="1" covered="0"/><counter type="METHOD" missed="1" covered="0"/></method><method name="addToVisitedLocations" desc="(LgpsUtil/location/VisitedLocation;)V" line="61"><counter type="INSTRUCTION" missed="0" covered="6"/><counter type="LINE" missed="0" covered="2"/><counter type="COMPLEXITY" missed="0" covered="1"/><counter type="METHOD" missed="0" covered="1"/></method><method name="getVisitedLocations" desc="()Ljava/util/List;" line="65"><counter type="INSTRUCTION" missed="0" covered="3"/><counter type="LINE" missed="0" covered="1"/><counter type="COMPLEXITY" missed="0" covered="1"/><counter type="METHOD" missed="0" covered="1"/></method><method name="clearVisitedLocations" desc="()V" line="69"><counter type="INSTRUCTION" missed="4" covered="0"/><counter type="LINE" missed="2" covered="0"/><counter type="COMPLEXITY" missed="1" covered="0"/><counter type="METHOD" missed="1" covered="0"/></method><method name="addUserReward" desc="(LtourGuide/user/UserReward;)V" line="73"><counter type="INSTRUCTION" missed="0" covered="16"/><counter type="BRANCH" missed="0" covered="2"/><counter type="LINE" missed="0" covered="3"/><counter type="COMPLEXITY" missed="0" covered="2"/><counter type="METHOD" missed="0" covered="1"/></method><method name="getUserRewards" desc="()Ljava/util/List;" line="79"><counter type="INSTRUCTION" missed="0" covered="3"/><counter type="LINE" missed="0" covered="1"/><counter type="COMPLEXITY" missed="0" covered="1"/><counter type="METHOD" missed="0" covered="1"/></method><method name="getUserPreferences" desc="()LtourGuide/user/UserPreferences;" line="83"><counter type="INSTRUCTION" missed="3" covered="0"/><counter type="LINE" missed="1" covered="0"/><counter type="COMPLEXITY" missed="1" covered="0"/><counter type="METHOD" missed="1" covered="0"/></method><method name="setUserPreferences" desc="(LtourGuide/user/UserPreferences;)V" line="87"><counter type="INSTRUCTION" missed="4" covered="0"/><counter type="LINE" missed="2" covered="0"/><counter type="COMPLEXITY" missed="1" covered="0"/><counter type="METHOD" missed="1" covered="0"/></method><method name="getLastVisitedLocation" desc="()LgpsUtil/location/VisitedLocation;" line="91"><counter type="INSTRUCTION" missed="10" covered="0"/><counter type="LINE" missed="1" covered="0"/><counter type="COMPLEXITY" missed="1" covered="0"/><counter type="METHOD" missed="1" covered="0"/></method><method name="setTripDeals" desc="(Ljava/util/List;)V" line="95"><counter type="INSTRUCTION" missed="4" covered="0"/><counter type="LINE" missed="2" covered="0"/><counter type="COMPLEXITY" missed="1" covered="0"/><counter type="METHOD" missed="1" covered="0"/></method><method name="getTripDeals" desc="()Ljava/util/List;" line="99"><counter type="INSTRUCTION" missed="3" covered="0"/><counter type="LINE" missed="1" covered="0"/><counter type="COMPLEXITY" missed="1" covered="0"/><counter type="METHOD" missed="1" covered="0"/></method><method name="lambda$addUserReward$0" desc="(LtourGuide/user/UserReward;LtourGuide/user/UserReward;)Z" line="73"><counter type="INSTRUCTION" missed="0" covered="12"/><counter type="BRANCH" missed="0" covered="2"/><counter type="LINE" missed="0" covered="1"/><counter type="COMPLEXITY" missed="0" covered="2"/><counter type="METHOD" missed="0" covered="1"/></method><counter type="INSTRUCTION" missed="49" covered="81"/><counter type="BRANCH" missed="0" covered="4"/><counter type="LINE" missed="18" covered="19"/><counter type="COMPLEXITY" missed="12" covered="10"/><counter type="METHOD" missed="12" covered="8"/><counter type="CLASS" missed="0" covered="1"/></class><class name="tourGuide/user/UserReward" sourcefilename="UserReward.java"><method name="&lt;init&gt;" desc="(LgpsUtil/location/VisitedLocation;LgpsUtil/location/Attraction;I)V" line="11"><counter type="INSTRUCTION" missed="0" covered="12"/><counter type="LINE" missed="0" covered="5"/><counter type="COMPLEXITY" missed="0" covered="1"/><counter type="METHOD" missed="0" covered="1"/></method><method name="&lt;init&gt;" desc="(LgpsUtil/location/VisitedLocation;LgpsUtil/location/Attraction;)V" line="17"><counter type="INSTRUCTION" missed="9" covered="0"/><counter type="LINE" missed="4" covered="0"/><counter type="COMPLEXITY" missed="1" covered="0"/><counter type="METHOD" missed="1" covered="0"/></method><method name="setRewardPoints" desc="(I)V" line="23"><counter type="INSTRUCTION" missed="4" covered="0"/><counter type="LINE" missed="2" covered="0"/><counter type="COMPLEXITY" missed="1" covered="0"/><counter type="METHOD" missed="1" covered="0"/></method><method name="getRewardPoints" desc="()I" line="27"><counter type="INSTRUCTION" missed="3" covered="0"/><counter type="LINE" missed="1" covered="0"/><counter type="COMPLEXITY" missed="1" covered="0"/><counter type="METHOD" missed="1" covered="0"/></method><counter type="INSTRUCTION" missed="16" covered="12"/><counter type="LINE" missed="7" covered="5"/><counter type="COMPLEXITY" missed="3" covered="1"/><counter type="METHOD" missed="3" covered="1"/><counter type="CLASS" missed="0" covered="1"/></class><class name="tourGuide/user/UserPreferences" sourcefilename="UserPreferences.java"><method name="&lt;init&gt;" desc="()V" line="11"><counter type="INSTRUCTION" missed="0" covered="38"/><counter type="LINE" missed="0" covered="10"/><counter type="COMPLEXITY" missed="0" covered="1"/><counter type="METHOD" missed="0" covered="1"/></method><method name="setAttractionProximity" desc="(I)V" line="24"><counter type="INSTRUCTION" missed="4" covered="0"/><counter type="LINE" missed="2" covered="0"/><counter type="COMPLEXITY" missed="1" covered="0"/><counter type="METHOD" missed="1" covered="0"/></method><method name="getAttractionProximity" desc="()I" line="28"><counter type="INSTRUCTION" missed="3" covered="0"/><counter type="LINE" missed="1" covered="0"/><counter type="COMPLEXITY" missed="1" covered="0"/><counter type="METHOD" missed="1" covered="0"/></method><method name="getLowerPricePoint" desc="()Lorg/javamoney/moneta/Money;" line="32"><counter type="INSTRUCTION" missed="3" covered="0"/><counter type="LINE" missed="1" covered="0"/><counter type="COMPLEXITY" missed="1" covered="0"/><counter type="METHOD" missed="1" covered="0"/></method><method name="setLowerPricePoint" desc="(Lorg/javamoney/moneta/Money;)V" line="36"><counter type="INSTRUCTION" missed="4" covered="0"/><counter type="LINE" missed="2" covered="0"/><counter type="COMPLEXITY" missed="1" covered="0"/><counter type="METHOD" missed="1" covered="0"/></method><method name="getHighPricePoint" desc="()Lorg/javamoney/moneta/Money;" line="40"><counter type="INSTRUCTION" missed="3" covered="0"/><counter type="LINE" missed="1" covered="0"/><counter type="COMPLEXITY" missed="1" covered="0"/><counter type="METHOD" missed="1" covered="0"/></method><method name="setHighPricePoint" desc="(Lorg/javamoney/moneta/Money;)V" line="44"><counter type="INSTRUCTION" missed="4" covered="0"/><counter type="LINE" missed="2" covered="0"/><counter type="COMPLEXITY" missed="1" covered="0"/><counter type="METHOD" missed="1" covered="0"/></method><method name="getTripDuration" desc="()I" line="48"><counter type="INSTRUCTION" missed="3" covered="0"/><counter type="LINE" missed="1" covered="0"/><counter type="COMPLEXITY" missed="1" covered="0"/><counter type="METHOD" missed="1" covered="0"/></method><method name="setTripDuration" desc="(I)V" line="52"><counter type="INSTRUCTION" missed="4" covered="0"/><counter type="LINE" missed="2" covered="0"/><counter type="COMPLEXITY" missed="1" covered="0"/><counter type="METHOD" missed="1" covered="0"/></method><method name="getTicketQuantity" desc="()I" line="56"><counter type="INSTRUCTION" missed="3" covered="0"/><counter type="LINE" missed="1" covered="0"/><counter type="COMPLEXITY" missed="1" covered="0"/><counter type="METHOD" missed="1" covered="0"/></method><method name="setTicketQuantity" desc="(I)V" line="60"><counter type="INSTRUCTION" missed="4" covered="0"/><counter type="LINE" missed="2" covered="0"/><counter type="COMPLEXITY" missed="1" covered="0"/><counter type="METHOD" missed="1" covered="0"/></method><method name="getNumberOfAdults" desc="()I" line="64"><counter type="INSTRUCTION" missed="3" covered="0"/><counter type="LINE" missed="1" covered="0"/><counter type="COMPLEXITY" missed="1" covered="0"/><counter type="METHOD" missed="1" covered="0"/></method><method name="setNumberOfAdults" desc="(I)V" line="68"><counter type="INSTRUCTION" missed="4" covered="0"/><counter type="LINE" missed="2" covered="0"/><counter type="COMPLEXITY" missed="1" covered="0"/><counter type="METHOD" missed="1" covered="0"/></method><method name="getNumberOfChildren" desc="()I" line="72"><counter type="INSTRUCTION" missed="3" covered="0"/><counter type="LINE" missed="1" covered="0"/><counter type="COMPLEXITY" missed="1" covered="0"/><counter type="METHOD" missed="1" covered="0"/></method><method name="setNumberOfChildren" desc="(I)V" line="76"><counter type="INSTRUCTION" missed="4" covered="0"/><counter type="LINE" missed="2" covered="0"/><counter type="COMPLEXITY" missed="1" covered="0"/><counter type="METHOD" missed="1" covered="0"/></method><counter type="INSTRUCTION" missed="49" covered="38"/><counter type="LINE" missed="21" covered="10"/><counter type="COMPLEXITY" missed="14" covered="1"/><counter type="METHOD" missed="14" covered="1"/><counter type="CLASS" missed="0" covered="1"/></class><sourcefile name="UserPreferences.java"><line nr="11" mi="0" ci="3" mb="0" cb="0"/><line nr="12" mi="0" ci="6" mb="0" cb="0"/><line nr="13" mi="0" ci="7" mb="0" cb="0"/><line nr="14" mi="0" ci="7" mb="0" cb="0"/><line nr="15" mi="0" ci="3" mb="0" cb="0"/><line nr="16" mi="0" ci="3" mb="0" cb="0"/><line nr="17" mi="0" ci="3" mb="0" cb="0"/><line nr="18" mi="0" ci="3" mb="0" cb="0"/><line nr="20" mi="0" ci="2" mb="0" cb="0"/><line nr="21" mi="0" ci="1" mb="0" cb="0"/><line nr="24" mi="3" ci="0" mb="0" cb="0"/><line nr="25" mi="1" ci="0" mb="0" cb="0"/><line nr="28" mi="3" ci="0" mb="0" cb="0"/><line nr="32" mi="3" ci="0" mb="0" cb="0"/><line nr="36" mi="3" ci="0" mb="0" cb="0"/><line nr="37" mi="1" ci="0" mb="0" cb="0"/><line nr="40" mi="3" ci="0" mb="0" cb="0"/><line nr="44" mi="3" ci="0" mb="0" cb="0"/><line nr="45" mi="1" ci="0" mb="0" cb="0"/><line nr="48" mi="3" ci="0" mb="0" cb="0"/><line nr="52" mi="3" ci="0" mb="0" cb="0"/><line nr="53" mi="1" ci="0" mb="0" cb="0"/><line nr="56" mi="3" ci="0" mb="0" cb="0"/><line nr="60" mi="3" ci="0" mb="0" cb="0"/><line nr="61" mi="1" ci="0" mb="0" cb="0"/><line nr="64" mi="3" ci="0" mb="0" cb="0"/><line nr="68" mi="3" ci="0" mb="0" cb="0"/><line nr="69" mi="1" ci="0" mb="0" cb="0"/><line nr="72" mi="3" ci="0" mb="0" cb="0"/><line nr="76" mi="3" ci="0" mb="0" cb="0"/><line nr="77" mi="1" ci="0" mb="0" cb="0"/><counter type="INSTRUCTION" missed="49" covered="38"/><counter type="LINE" missed="21" covered="10"/><counter type="COMPLEXITY" missed="14" covered="1"/><counter type="METHOD" missed="14" covered="1"/><counter type="CLASS" missed="0" covered="1"/></sourcefile><sourcefile name="UserReward.java"><line nr="11" mi="0" ci="2" mb="0" cb="0"/><line nr="12" mi="0" ci="3" mb="0" cb="0"/><line nr="13" mi="0" ci="3" mb="0" cb="0"/><line nr="14" mi="0" ci="3" mb="0" cb="0"/><line nr="15" mi="0" ci="1" mb="0" cb="0"/><line nr="17" mi="2" ci="0" mb="0" cb="0"/><line nr="18" mi="3" ci="0" mb="0" cb="0"/><line nr="19" mi="3" ci="0" mb="0" cb="0"/><line nr="20" mi="1" ci="0" mb="0" cb="0"/><line nr="23" mi="3" ci="0" mb="0" cb="0"/><line nr="24" mi="1" ci="0" mb="0" cb="0"/><line nr="27" mi="3" ci="0" mb="0" cb="0"/><counter type="INSTRUCTION" missed="16" covered="12"/><counter type="LINE" missed="7" covered="5"/><counter type="COMPLEXITY" missed="3" covered="1"/><counter type="METHOD" missed="3" covered="1"/><counter type="CLASS" missed="0" covered="1"/></sourcefile><sourcefile name="User.java"><line nr="17" mi="0" ci="5" mb="0" cb="0"/><line nr="18" mi="0" ci="5" mb="0" cb="0"/><line nr="19" mi="0" ci="5" mb="0" cb="0"/><line nr="20" mi="0" ci="5" mb="0" cb="0"/><line nr="21" mi="0" ci="2" mb="0" cb="0"/><line nr="22" mi="0" ci="3" mb="0" cb="0"/><line nr="23" mi="0" ci="3" mb="0" cb="0"/><line nr="24" mi="0" ci="3" mb="0" cb="0"/><line nr="25" mi="0" ci="3" mb="0" cb="0"/><line nr="26" mi="0" ci="1" mb="0" cb="0"/><line nr="29" mi="0" ci="3" mb="0" cb="0"/><line nr="33" mi="0" ci="3" mb="0" cb="0"/><line nr="37" mi="3" ci="0" mb="0" cb="0"/><line nr="38" mi="1" ci="0" mb="0" cb="0"/><line nr="41" mi="3" ci="0" mb="0" cb="0"/><line nr="45" mi="3" ci="0" mb="0" cb="0"/><line nr="46" mi="1" ci="0" mb="0" cb="0"/><line nr="49" mi="3" ci="0" mb="0" cb="0"/><line nr="53" mi="3" ci="0" mb="0" cb="0"/><line nr="54" mi="1" ci="0" mb="0" cb="0"/><line nr="57" mi="3" ci="0" mb="0" cb="0"/><line nr="61" mi="0" ci="5" mb="0" cb="0"/><line nr="62" mi="0" ci="1" mb="0" cb="0"/><line nr="65" mi="0" ci="3" mb="0" cb="0"/><line nr="69" mi="3" ci="0" mb="0" cb="0"/><line nr="70" mi="1" ci="0" mb="0" cb="0"/><line nr="73" mi="0" ci="22" mb="0" cb="4"/><line nr="74" mi="0" ci="5" mb="0" cb="0"/><line nr="76" mi="0" ci="1" mb="0" cb="0"/><line nr="79" mi="0" ci="3" mb="0" cb="0"/><line nr="83" mi="3" ci="0" mb="0" cb="0"/><line nr="87" mi="3" ci="0" mb="0" cb="0"/><line nr="88" mi="1" ci="0" mb="0" cb="0"/><line nr="91" mi="10" ci="0" mb="0" cb="0"/><line nr="95" mi="3" ci="0" mb="0" cb="0"/><line nr="96" mi="1" ci="0" mb="0" cb="0"/><line nr="99" mi="3" ci="0" mb="0" cb="0"/><counter type="INSTRUCTION" missed="49" covered="81"/><counter type="BRANCH" missed="0" covered="4"/><counter type="LINE" missed="18" covered="19"/><counter type="COMPLEXITY" missed="12" covered="10"/><counter type="METHOD" missed="12" covered="8"/><counter type="CLASS" missed="0" covered="1"/></sourcefile><counter type="INSTRUCTION" missed="114" covered="131"/><counter type="BRANCH" missed="0" covered="4"/><counter type="LINE" missed="46" covered="34"/><counter type="COMPLEXITY" missed="29" covered="12"/><counter type="METHOD" missed="29" covered="10"/><counter type="CLASS" missed="0" covered="3"/></package><counter type="INSTRUCTION" missed="546" covered="778"/><counter type="BRANCH" missed="15" covered="15"/><counter type="LINE" missed="139" covered="177"/><counter type="COMPLEXITY" missed="79" covered="54"/><counter type="METHOD" missed="70" covered="48"/><counter type="CLASS" missed="4" covered="9"/></report>